[ N 2024-09-23 15:15:10.8158 85692/T1 age/Wat/WatchdogMain.cpp:1377 ]: Starting Passenger watchdog...
[ N 2024-09-23 15:15:10.8628 85694/T1 age/Cor/CoreMain.cpp:1340 ]: Starting Passenger core...
[ N 2024-09-23 15:15:10.8691 85694/T1 age/Cor/CoreMain.cpp:256 ]: Passenger core running in multi-application mode.
[ N 2024-09-23 15:15:10.9203 85694/T1 age/Cor/CoreMain.cpp:1015 ]: Passenger core online, PID 85694
2024/09/23 15:15:13 [error] 85697#0: *4 "/Users/user/Desktop/iscoj-tioj/scripts/public/index.html" is not found (2: No such file or directory), client: 127.0.0.1, server: _, request: "HEAD / HTTP/1.1", host: "0.0.0.0"
[ E 2024-09-23 15:15:15.7594 85694/T5 age/Cor/SecurityUpdateChecker.h:507 ]: Security update check failed: HTTP 500 while connecting to https://securitycheck.phusionpassenger.com/v1/check.json (if this error persists check your connection security or try upgrading Passenger) (next check in 24 hours)
2024/09/23 15:15:47 [error] 85697#0: *5 "/Users/user/Desktop/iscoj-tioj/scripts/public/index.html" is not found (2: No such file or directory), client: 127.0.0.1, server: _, request: "GET / HTTP/1.1", host: "localhost:4000"
2024/09/23 15:15:48 [error] 85697#0: *5 open() "/Users/user/Desktop/iscoj-tioj/scripts/public/favicon.ico" failed (2: No such file or directory), client: 127.0.0.1, server: _, request: "GET /favicon.ico HTTP/1.1", host: "localhost:4000", referrer: "http://localhost:4000/"

[ N 2024-09-23 15:18:01.2939 85694/T8 age/Cor/CoreMain.cpp:671 ]: Signal received. Gracefully shutting down... (send signal 2 more time(s) to force shutdown)
[ N 2024-09-23 15:18:01.2945 85694/T1 age/Cor/CoreMain.cpp:1246 ]: Received command to shutdown gracefully. Waiting until all clients have disconnected...
[ N 2024-09-23 15:18:01.2948 85694/T8 Ser/Server.h:901 ]: [ServerThr.1] Freed 0 spare client objects
[ N 2024-09-23 15:18:01.2949 85694/T8 Ser/Server.h:558 ]: [ServerThr.1] Shutdown finished
[ N 2024-09-23 15:18:01.2950 85694/Tc Ser/Server.h:901 ]: [ServerThr.3] Freed 0 spare client objects
[ N 2024-09-23 15:18:01.2951 85694/Tc Ser/Server.h:558 ]: [ServerThr.3] Shutdown finished
[ N 2024-09-23 15:18:01.2952 85694/Te Ser/Server.h:901 ]: [ServerThr.4] Freed 0 spare client objects
[ N 2024-09-23 15:18:01.2953 85694/Te Ser/Server.h:558 ]: [ServerThr.4] Shutdown finished
[ N 2024-09-23 15:18:01.2951 85694/Ta Ser/Server.h:901 ]: [ServerThr.2] Freed 0 spare client objects
[ N 2024-09-23 15:18:01.2954 85694/Ta Ser/Server.h:558 ]: [ServerThr.2] Shutdown finished
[ N 2024-09-23 15:18:01.2957 85694/Tg Ser/Server.h:901 ]: [ApiServer] Freed 0 spare client objects
[ N 2024-09-23 15:18:01.2959 85694/Tg Ser/Server.h:558 ]: [ApiServer] Shutdown finished
[ N 2024-09-23 15:18:02.7246 85694/T1 age/Cor/CoreMain.cpp:1325 ]: Passenger core shutdown finished
[ N 2024-09-23 15:18:12.5303 85849/T1 age/Wat/WatchdogMain.cpp:1377 ]: Starting Passenger watchdog...
[ N 2024-09-23 15:18:12.5619 85851/T1 age/Cor/CoreMain.cpp:1340 ]: Starting Passenger core...
[ N 2024-09-23 15:18:12.5622 85851/T1 age/Cor/CoreMain.cpp:256 ]: Passenger core running in multi-application mode.
[ N 2024-09-23 15:18:12.5816 85851/T1 age/Cor/CoreMain.cpp:1015 ]: Passenger core online, PID 85851
2024/09/23 15:18:14 [error] 85854#0: *4 "/Users/user/Desktop/iscoj-tioj/scripts/public/index.html" is not found (2: No such file or directory), client: 127.0.0.1, server: _, request: "HEAD / HTTP/1.1", host: "0.0.0.0"
[ E 2024-09-23 15:18:16.0962 85851/T5 age/Cor/SecurityUpdateChecker.h:507 ]: Security update check failed: HTTP 500 while connecting to https://securitycheck.phusionpassenger.com/v1/check.json (if this error persists check your connection security or try upgrading Passenger) (next check in 24 hours)

[ N 2024-09-23 15:18:31.7885 85851/T8 age/Cor/CoreMain.cpp:671 ]: Signal received. Gracefully shutting down... (send signal 2 more time(s) to force shutdown)
[ N 2024-09-23 15:18:31.7886 85851/T1 age/Cor/CoreMain.cpp:1246 ]: Received command to shutdown gracefully. Waiting until all clients have disconnected...
[ N 2024-09-23 15:18:31.7887 85851/Ta Ser/Server.h:901 ]: [ServerThr.2] Freed 0 spare client objects
[ N 2024-09-23 15:18:31.7888 85851/Te Ser/Server.h:901 ]: [ServerThr.4] Freed 0 spare client objects
[ N 2024-09-23 15:18:31.7888 85851/Te Ser/Server.h:558 ]: [ServerThr.4] Shutdown finished
[ N 2024-09-23 15:18:31.7888 85851/Ta Ser/Server.h:558 ]: [ServerThr.2] Shutdown finished
[ N 2024-09-23 15:18:31.7887 85851/Tc Ser/Server.h:901 ]: [ServerThr.3] Freed 0 spare client objects
[ N 2024-09-23 15:18:31.7888 85851/Tc Ser/Server.h:558 ]: [ServerThr.3] Shutdown finished
[ N 2024-09-23 15:18:31.7887 85851/T8 Ser/Server.h:901 ]: [ServerThr.1] Freed 0 spare client objects
[ N 2024-09-23 15:18:31.7889 85851/T8 Ser/Server.h:558 ]: [ServerThr.1] Shutdown finished
[ N 2024-09-23 15:18:31.7889 85851/Tg Ser/Server.h:901 ]: [ApiServer] Freed 0 spare client objects
[ N 2024-09-23 15:18:31.7890 85851/Tg Ser/Server.h:558 ]: [ApiServer] Shutdown finished
[ N 2024-09-23 15:18:33.2081 85851/T1 age/Cor/CoreMain.cpp:1325 ]: Passenger core shutdown finished
